2021-03-12 19:51:21,977 [INFO] [Calculator] SQUARE ROOT - 25.0
2021-03-12 19:51:21,981 [INFO] [Calculator] RESULT - SQUARE ROOT - 5.0
2021-03-12 19:51:21,985 [INFO] [Calculator] FACTORIAL - 5
2021-03-12 19:51:21,986 [INFO] [Calculator] RESULT - FACTORIAL - 120
2021-03-12 20:24:31,465 [INFO] [Calculator] SQUARE ROOT - 25.0
2021-03-12 20:24:31,469 [INFO] [Calculator] RESULT - SQUARE ROOT - 5.0
2021-03-12 20:24:31,471 [INFO] [Calculator] FACTORIAL - 5
2021-03-12 20:24:31,472 [INFO] [Calculator] RESULT - FACTORIAL - 120
2021-03-12 20:37:32,745 [INFO] [Calculator] SQUARE ROOT - 25.0
2021-03-12 20:37:32,749 [INFO] [Calculator] RESULT - SQUARE ROOT - 5.0
2021-03-12 20:37:32,751 [INFO] [Calculator] FACTORIAL - 5
2021-03-12 20:37:32,752 [INFO] [Calculator] RESULT - FACTORIAL - 120
2021-03-12 20:37:49,221 [INFO] [Calculator] SQUARE ROOT - -5.0
2021-03-12 20:37:49,226 [INFO] [Calculator] Negative number square root
2021-03-12 20:37:49,227 [INFO] [Calculator] RESULT - SQUARE ROOT - NaN
2021-03-12 20:38:08,503 [INFO] [Calculator] SQUARE ROOT - -43.0
2021-03-12 20:38:08,504 [INFO] [Calculator] Negative number square root
2021-03-12 20:38:08,505 [INFO] [Calculator] RESULT - SQUARE ROOT - NaN
2021-03-12 20:38:14,511 [INFO] [Calculator] NATURAL LOG - 34
2021-03-12 20:38:14,511 [INFO] [Calculator] RESULT - FACTORIAL - 3.5263605246161616
2021-03-12 20:38:57,91 [INFO] [Calculator] POWER - 2 3
2021-03-12 20:38:57,92 [INFO] [Calculator] RESULT - POWER - 8.0
2021-03-12 20:43:47,203 [INFO] [Calculator] SQUARE ROOT - 25.0
2021-03-12 20:43:47,206 [INFO] [Calculator] RESULT - SQUARE ROOT - 5.0
2021-03-12 20:43:47,213 [INFO] [Calculator] FACTORIAL - 5
2021-03-12 20:43:47,213 [INFO] [Calculator] RESULT - FACTORIAL - 120
2021-03-12 20:44:07,430 [INFO] [Calculator] NATURAL LOG - -4
2021-03-12 20:44:07,439 [INFO] [Calculator] Negative number natural log
2021-03-12 20:44:07,441 [INFO] [Calculator] RESULT - FACTORIAL - NaN
2021-03-12 20:44:15,37 [INFO] [Calculator] NATURAL LOG - -9
2021-03-12 20:44:15,38 [INFO] [Calculator] Negative number natural log
2021-03-12 20:44:15,39 [INFO] [Calculator] RESULT - FACTORIAL - NaN